{
  "stats": {
    "suites": 1,
    "tests": 3,
    "passes": 3,
    "pending": 0,
    "failures": 0,
    "start": "2025-07-18T14:31:36.171Z",
    "end": "2025-07-18T14:31:37.690Z",
    "duration": 1519,
    "testsRegistered": 3,
    "passPercent": 100,
    "pendingPercent": 0,
    "other": 0,
    "hasOther": false,
    "skipped": 0,
    "hasSkipped": false
  },
  "results": [
    {
      "uuid": "33384bae-0e4a-4cd6-aaf1-b5e037cc130f",
      "title": "",
      "fullFile": "cypress\\e2e\\ui\\api\\cypress\\produtos.cy.js",
      "file": "cypress\\e2e\\ui\\api\\cypress\\produtos.cy.js",
      "beforeHooks": [],
      "afterHooks": [],
      "tests": [],
      "suites": [
        {
          "uuid": "688d8838-c53a-417d-abb4-327093f53844",
          "title": "API - Cupons",
          "fullFile": "",
          "file": "",
          "beforeHooks": [],
          "afterHooks": [],
          "tests": [
            {
              "title": "CT12 – Deve listar todos os cupons (GET)",
              "fullTitle": "API - Cupons CT12 – Deve listar todos os cupons (GET)",
              "timedOut": null,
              "duration": 441,
              "state": "passed",
              "speed": "fast",
              "pass": true,
              "fail": false,
              "pending": false,
              "context": null,
              "code": "cy.request({\n  method: 'GET',\n  url: '/wp-json/wc/v3/coupons',\n  headers: {\n    Authorization: token\n  }\n}).then(response => {\n  expect(response.status).to.eq(200);\n  expect(response.body).to.be.an('array');\n});",
              "err": {},
              "uuid": "1cc8664d-9a3f-4ea9-b60b-b9cf60ee38fd",
              "parentUUID": "688d8838-c53a-417d-abb4-327093f53844",
              "isHook": false,
              "skipped": false
            },
            {
              "title": "CT13 – Deve retornar um cupom pelo ID existente (GET)",
              "fullTitle": "API - Cupons CT13 – Deve retornar um cupom pelo ID existente (GET)",
              "timedOut": null,
              "duration": 355,
              "state": "passed",
              "speed": "fast",
              "pass": true,
              "fail": false,
              "pending": false,
              "context": null,
              "code": "const id = 6190; // Substitua pelo ID real de um cupom válido\ncy.request({\n  method: 'GET',\n  url: `/wp-json/wc/v3/coupons/${id}`,\n  headers: {\n    Authorization: token\n  }\n}).then(response => {\n  expect(response.status).to.eq(200);\n  expect(response.body).to.have.property('id', id);\n});",
              "err": {},
              "uuid": "ecf88bd2-617a-4d35-ad5b-585216bc6a10",
              "parentUUID": "688d8838-c53a-417d-abb4-327093f53844",
              "isHook": false,
              "skipped": false
            },
            {
              "title": "CT14 – Não deve criar cupom com nome repetido (POST)",
              "fullTitle": "API - Cupons CT14 – Não deve criar cupom com nome repetido (POST)",
              "timedOut": null,
              "duration": 682,
              "state": "passed",
              "speed": "fast",
              "pass": true,
              "fail": false,
              "pending": false,
              "context": null,
              "code": "cy.request({\n  method: 'POST',\n  url: '/wp-json/wc/v3/coupons',\n  failOnStatusCode: false,\n  // Para evitar falha no teste ao retornar erro esperado\n  headers: {\n    Authorization: token,\n    'Content-Type': 'application/json'\n  },\n  body: {\n    code: 'desconto10',\n    // Código já existente\n    amount: '10',\n    discount_type: 'percent',\n    individual_use: true\n  }\n}).then(response => {\n  expect(response.status).to.eq(400); // Ou 409 se for conflito\n  expect(response.body).to.have.property('code');\n});",
              "err": {},
              "uuid": "e1ec863c-9f8d-408d-9c74-49faf7a0b290",
              "parentUUID": "688d8838-c53a-417d-abb4-327093f53844",
              "isHook": false,
              "skipped": false
            }
          ],
          "suites": [],
          "passes": [
            "1cc8664d-9a3f-4ea9-b60b-b9cf60ee38fd",
            "ecf88bd2-617a-4d35-ad5b-585216bc6a10",
            "e1ec863c-9f8d-408d-9c74-49faf7a0b290"
          ],
          "failures": [],
          "pending": [],
          "skipped": [],
          "duration": 1478,
          "root": false,
          "rootEmpty": false,
          "_timeout": 2000
        }
      ],
      "passes": [],
      "failures": [],
      "pending": [],
      "skipped": [],
      "duration": 0,
      "root": true,
      "rootEmpty": true,
      "_timeout": 2000
    }
  ],
  "meta": {
    "mocha": {
      "version": "7.2.0"
    },
    "mochawesome": {
      "options": {
        "quiet": false,
        "reportFilename": "mochawesome",
        "saveHtml": true,
        "saveJson": true,
        "consoleReporter": "spec",
        "useInlineDiffs": false,
        "code": true
      },
      "version": "7.1.3"
    },
    "marge": {
      "options": {
        "reportDir": "mochawesome-report",
        "overwrite": false,
        "html": true,
        "json": true
      },
      "version": "6.2.0"
    }
  }
}