{
  "stats": {
    "suites": 1,
    "tests": 2,
    "passes": 2,
    "pending": 0,
    "failures": 0,
    "start": "2025-07-18T13:22:01.651Z",
    "end": "2025-07-18T13:22:09.953Z",
    "duration": 8302,
    "testsRegistered": 2,
    "passPercent": 100,
    "pendingPercent": 0,
    "other": 0,
    "hasOther": false,
    "skipped": 0,
    "hasSkipped": false
  },
  "results": [
    {
      "uuid": "b3d2733a-f311-450f-a685-882aac2881d2",
      "title": "",
      "fullFile": "cypress\\e2e\\ui\\login.cy.js",
      "file": "cypress\\e2e\\ui\\login.cy.js",
      "beforeHooks": [],
      "afterHooks": [],
      "tests": [],
      "suites": [
        {
          "uuid": "5f93ad4d-df9a-4eed-a13c-85d676800191",
          "title": "Login EBAC - Page Object",
          "fullFile": "",
          "file": "",
          "beforeHooks": [],
          "afterHooks": [],
          "tests": [
            {
              "title": "Deve logar com sucesso",
              "fullTitle": "Login EBAC - Page Object Deve logar com sucesso",
              "timedOut": null,
              "duration": 6218,
              "state": "passed",
              "speed": "medium",
              "pass": true,
              "fail": false,
              "pending": false,
              "context": null,
              "code": "_LoginPage.default.acessarPaginaDeLogin();\n_LoginPage.default.preencherUsuario('user1_ebac');\n_LoginPage.default.preencherSenha('psw!ebac@test');\n_LoginPage.default.clicarEmEntrar();\n_LoginPage.default.validarMensagemDeBoasVindas('Olá');",
              "err": {},
              "uuid": "bc5a6dca-a674-4011-85d4-7c9531d33d5a",
              "parentUUID": "5f93ad4d-df9a-4eed-a13c-85d676800191",
              "isHook": false,
              "skipped": false
            },
            {
              "title": "Não deve logar com senha inválida",
              "fullTitle": "Login EBAC - Page Object Não deve logar com senha inválida",
              "timedOut": null,
              "duration": 2036,
              "state": "passed",
              "speed": "fast",
              "pass": true,
              "fail": false,
              "pending": false,
              "context": null,
              "code": "_LoginPage.default.acessarPaginaDeLogin();\n_LoginPage.default.preencherUsuario('user1_ebac');\n_LoginPage.default.preencherSenha('senha@invalida');\n_LoginPage.default.clicarEmEntrar();\n_LoginPage.default.validarMensagemDeErro('Erro: A senha informada para o usuário user1_ebac está incorreta. Perdeu a senha?');",
              "err": {},
              "uuid": "b90443d3-8c7e-4877-b3b9-58a7d00adf32",
              "parentUUID": "5f93ad4d-df9a-4eed-a13c-85d676800191",
              "isHook": false,
              "skipped": false
            }
          ],
          "suites": [],
          "passes": [
            "bc5a6dca-a674-4011-85d4-7c9531d33d5a",
            "b90443d3-8c7e-4877-b3b9-58a7d00adf32"
          ],
          "failures": [],
          "pending": [],
          "skipped": [],
          "duration": 8254,
          "root": false,
          "rootEmpty": false,
          "_timeout": 2000
        }
      ],
      "passes": [],
      "failures": [],
      "pending": [],
      "skipped": [],
      "duration": 0,
      "root": true,
      "rootEmpty": true,
      "_timeout": 2000
    }
  ],
  "meta": {
    "mocha": {
      "version": "7.2.0"
    },
    "mochawesome": {
      "options": {
        "quiet": false,
        "reportFilename": "mochawesome",
        "saveHtml": true,
        "saveJson": true,
        "consoleReporter": "spec",
        "useInlineDiffs": false,
        "code": true
      },
      "version": "7.1.3"
    },
    "marge": {
      "options": {
        "reportDir": "mochawesome-report",
        "overwrite": false,
        "html": true,
        "json": true
      },
      "version": "6.2.0"
    }
  }
}