{
  "stats": {
    "suites": 1,
    "tests": 2,
    "passes": 2,
    "pending": 0,
    "failures": 0,
    "start": "2025-07-18T14:31:26.142Z",
    "end": "2025-07-18T14:31:34.739Z",
    "duration": 8597,
    "testsRegistered": 2,
    "passPercent": 100,
    "pendingPercent": 0,
    "other": 0,
    "hasOther": false,
    "skipped": 0,
    "hasSkipped": false
  },
  "results": [
    {
      "uuid": "15791657-be2c-4426-9156-513893c4ccbe",
      "title": "",
      "fullFile": "cypress\\e2e\\ui\\login.cy.js",
      "file": "cypress\\e2e\\ui\\login.cy.js",
      "beforeHooks": [],
      "afterHooks": [],
      "tests": [],
      "suites": [
        {
          "uuid": "dd40aaee-a361-4ca8-8c0d-8e559de0f2a5",
          "title": "Login EBAC - Page Object",
          "fullFile": "",
          "file": "",
          "beforeHooks": [],
          "afterHooks": [],
          "tests": [
            {
              "title": "Deve logar com sucesso",
              "fullTitle": "Login EBAC - Page Object Deve logar com sucesso",
              "timedOut": null,
              "duration": 6443,
              "state": "passed",
              "speed": "medium",
              "pass": true,
              "fail": false,
              "pending": false,
              "context": null,
              "code": "_LoginPage.default.acessarPaginaDeLogin();\n_LoginPage.default.preencherUsuario('user1_ebac');\n_LoginPage.default.preencherSenha('psw!ebac@test');\n_LoginPage.default.clicarEmEntrar();\n_LoginPage.default.validarMensagemDeBoasVindas('Olá');",
              "err": {},
              "uuid": "dbc8895d-176c-4f58-9388-5bef31deb44d",
              "parentUUID": "dd40aaee-a361-4ca8-8c0d-8e559de0f2a5",
              "isHook": false,
              "skipped": false
            },
            {
              "title": "Não deve logar com senha inválida",
              "fullTitle": "Login EBAC - Page Object Não deve logar com senha inválida",
              "timedOut": null,
              "duration": 2096,
              "state": "passed",
              "speed": "fast",
              "pass": true,
              "fail": false,
              "pending": false,
              "context": null,
              "code": "_LoginPage.default.acessarPaginaDeLogin();\n_LoginPage.default.preencherUsuario('user1_ebac');\n_LoginPage.default.preencherSenha('senha@invalida');\n_LoginPage.default.clicarEmEntrar();\n_LoginPage.default.validarMensagemDeErro('Erro: A senha informada para o usuário user1_ebac está incorreta. Perdeu a senha?');",
              "err": {},
              "uuid": "15ede3ba-ed53-499f-9b27-55ff3f4b796e",
              "parentUUID": "dd40aaee-a361-4ca8-8c0d-8e559de0f2a5",
              "isHook": false,
              "skipped": false
            }
          ],
          "suites": [],
          "passes": [
            "dbc8895d-176c-4f58-9388-5bef31deb44d",
            "15ede3ba-ed53-499f-9b27-55ff3f4b796e"
          ],
          "failures": [],
          "pending": [],
          "skipped": [],
          "duration": 8539,
          "root": false,
          "rootEmpty": false,
          "_timeout": 2000
        }
      ],
      "passes": [],
      "failures": [],
      "pending": [],
      "skipped": [],
      "duration": 0,
      "root": true,
      "rootEmpty": true,
      "_timeout": 2000
    }
  ],
  "meta": {
    "mocha": {
      "version": "7.2.0"
    },
    "mochawesome": {
      "options": {
        "quiet": false,
        "reportFilename": "mochawesome",
        "saveHtml": true,
        "saveJson": true,
        "consoleReporter": "spec",
        "useInlineDiffs": false,
        "code": true
      },
      "version": "7.1.3"
    },
    "marge": {
      "options": {
        "reportDir": "mochawesome-report",
        "overwrite": false,
        "html": true,
        "json": true
      },
      "version": "6.2.0"
    }
  }
}