{
  "stats": {
    "suites": 1,
    "tests": 3,
    "passes": 3,
    "pending": 0,
    "failures": 0,
    "start": "2025-07-18T14:40:57.299Z",
    "end": "2025-07-18T14:40:58.448Z",
    "duration": 1149,
    "testsRegistered": 3,
    "passPercent": 100,
    "pendingPercent": 0,
    "other": 0,
    "hasOther": false,
    "skipped": 0,
    "hasSkipped": false
  },
  "results": [
    {
      "uuid": "1f60981e-cb86-4512-ac45-6d30efe4a761",
      "title": "",
      "fullFile": "cypress\\e2e\\ui\\api\\cypress\\produtos.cy.js",
      "file": "cypress\\e2e\\ui\\api\\cypress\\produtos.cy.js",
      "beforeHooks": [],
      "afterHooks": [],
      "tests": [],
      "suites": [
        {
          "uuid": "bb789d90-c1ac-4ae7-950b-062c9e3adc36",
          "title": "API - Cupons",
          "fullFile": "",
          "file": "",
          "beforeHooks": [],
          "afterHooks": [],
          "tests": [
            {
              "title": "CT12 – Deve listar todos os cupons (GET)",
              "fullTitle": "API - Cupons CT12 – Deve listar todos os cupons (GET)",
              "timedOut": null,
              "duration": 365,
              "state": "passed",
              "speed": "fast",
              "pass": true,
              "fail": false,
              "pending": false,
              "context": null,
              "code": "cy.request({\n  method: 'GET',\n  url: '/wp-json/wc/v3/coupons',\n  headers: {\n    Authorization: token\n  }\n}).then(response => {\n  expect(response.status).to.eq(200);\n  expect(response.body).to.be.an('array');\n});",
              "err": {},
              "uuid": "d17fe9eb-a53f-4d11-ba42-ddc40cd0b852",
              "parentUUID": "bb789d90-c1ac-4ae7-950b-062c9e3adc36",
              "isHook": false,
              "skipped": false
            },
            {
              "title": "CT13 – Deve retornar um cupom pelo ID existente (GET)",
              "fullTitle": "API - Cupons CT13 – Deve retornar um cupom pelo ID existente (GET)",
              "timedOut": null,
              "duration": 368,
              "state": "passed",
              "speed": "fast",
              "pass": true,
              "fail": false,
              "pending": false,
              "context": null,
              "code": "const id = 6190; // Substitua pelo ID real de um cupom válido\ncy.request({\n  method: 'GET',\n  url: `/wp-json/wc/v3/coupons/${id}`,\n  headers: {\n    Authorization: token\n  }\n}).then(response => {\n  expect(response.status).to.eq(200);\n  expect(response.body).to.have.property('id', id);\n});",
              "err": {},
              "uuid": "28107174-d981-47b7-997b-b0a422f9da8f",
              "parentUUID": "bb789d90-c1ac-4ae7-950b-062c9e3adc36",
              "isHook": false,
              "skipped": false
            },
            {
              "title": "CT14 – Não deve criar cupom com nome repetido (POST)",
              "fullTitle": "API - Cupons CT14 – Não deve criar cupom com nome repetido (POST)",
              "timedOut": null,
              "duration": 375,
              "state": "passed",
              "speed": "fast",
              "pass": true,
              "fail": false,
              "pending": false,
              "context": null,
              "code": "cy.request({\n  method: 'POST',\n  url: '/wp-json/wc/v3/coupons',\n  failOnStatusCode: false,\n  // Para evitar falha no teste ao retornar erro esperado\n  headers: {\n    Authorization: token,\n    'Content-Type': 'application/json'\n  },\n  body: {\n    code: 'desconto10',\n    // Código já existente\n    amount: '10',\n    discount_type: 'percent',\n    individual_use: true\n  }\n}).then(response => {\n  expect(response.status).to.eq(400); // Ou 409 se for conflito\n  expect(response.body).to.have.property('code');\n});",
              "err": {},
              "uuid": "0c9eb4b3-8add-445f-a66a-7d9aca50b4c6",
              "parentUUID": "bb789d90-c1ac-4ae7-950b-062c9e3adc36",
              "isHook": false,
              "skipped": false
            }
          ],
          "suites": [],
          "passes": [
            "d17fe9eb-a53f-4d11-ba42-ddc40cd0b852",
            "28107174-d981-47b7-997b-b0a422f9da8f",
            "0c9eb4b3-8add-445f-a66a-7d9aca50b4c6"
          ],
          "failures": [],
          "pending": [],
          "skipped": [],
          "duration": 1108,
          "root": false,
          "rootEmpty": false,
          "_timeout": 2000
        }
      ],
      "passes": [],
      "failures": [],
      "pending": [],
      "skipped": [],
      "duration": 0,
      "root": true,
      "rootEmpty": true,
      "_timeout": 2000
    }
  ],
  "meta": {
    "mocha": {
      "version": "7.2.0"
    },
    "mochawesome": {
      "options": {
        "quiet": false,
        "reportFilename": "mochawesome",
        "saveHtml": true,
        "saveJson": true,
        "consoleReporter": "spec",
        "useInlineDiffs": false,
        "code": true
      },
      "version": "7.1.3"
    },
    "marge": {
      "options": {
        "reportDir": "mochawesome-report",
        "overwrite": false,
        "html": true,
        "json": true
      },
      "version": "6.2.0"
    }
  }
}