{
  "stats": {
    "suites": 1,
    "tests": 1,
    "passes": 1,
    "pending": 0,
    "failures": 0,
    "start": "2025-07-18T13:21:52.480Z",
    "end": "2025-07-18T13:21:59.660Z",
    "duration": 7180,
    "testsRegistered": 1,
    "passPercent": 100,
    "pendingPercent": 0,
    "other": 0,
    "hasOther": false,
    "skipped": 0,
    "hasSkipped": false
  },
  "results": [
    {
      "uuid": "6d0dfa94-bde8-4668-96ad-f1463b8549a6",
      "title": "",
      "fullFile": "cypress\\e2e\\ui\\adicionar_item_ao_carrinho.cy.js",
      "file": "cypress\\e2e\\ui\\adicionar_item_ao_carrinho.cy.js",
      "beforeHooks": [],
      "afterHooks": [],
      "tests": [],
      "suites": [
        {
          "uuid": "61f8ddc6-63c6-414a-8781-372ca3698c7c",
          "title": "Carrinho EBAC - Page Object",
          "fullFile": "",
          "file": "",
          "beforeHooks": [],
          "afterHooks": [],
          "tests": [
            {
              "title": "Deve adicionar um produto ao carrinho com sucesso",
              "fullTitle": "Carrinho EBAC - Page Object Deve adicionar um produto ao carrinho com sucesso",
              "timedOut": null,
              "duration": 7143,
              "state": "passed",
              "speed": "medium",
              "pass": true,
              "fail": false,
              "pending": false,
              "context": null,
              "code": "_CarrinhoPage.default.acessarLoja();\n_CarrinhoPage.default.selecionarProduto('Ingrid Running Jacket'); // exemplo\n_CarrinhoPage.default.selecionarTamanho();\n_CarrinhoPage.default.selecionarCor();\n_CarrinhoPage.default.selecionarQtd();\n_CarrinhoPage.default.adicionarAoCarrinho();\n_CarrinhoPage.default.verCarrinho();\n_CarrinhoPage.default.validarMensagem();",
              "err": {},
              "uuid": "b1679157-410d-453e-9c57-b8fe66766f84",
              "parentUUID": "61f8ddc6-63c6-414a-8781-372ca3698c7c",
              "isHook": false,
              "skipped": false
            }
          ],
          "suites": [],
          "passes": [
            "b1679157-410d-453e-9c57-b8fe66766f84"
          ],
          "failures": [],
          "pending": [],
          "skipped": [],
          "duration": 7143,
          "root": false,
          "rootEmpty": false,
          "_timeout": 2000
        }
      ],
      "passes": [],
      "failures": [],
      "pending": [],
      "skipped": [],
      "duration": 0,
      "root": true,
      "rootEmpty": true,
      "_timeout": 2000
    }
  ],
  "meta": {
    "mocha": {
      "version": "7.2.0"
    },
    "mochawesome": {
      "options": {
        "quiet": false,
        "reportFilename": "mochawesome",
        "saveHtml": true,
        "saveJson": true,
        "consoleReporter": "spec",
        "useInlineDiffs": false,
        "code": true
      },
      "version": "7.1.3"
    },
    "marge": {
      "options": {
        "reportDir": "mochawesome-report",
        "overwrite": false,
        "html": true,
        "json": true
      },
      "version": "6.2.0"
    }
  }
}