{
  "stats": {
    "suites": 1,
    "tests": 1,
    "passes": 1,
    "pending": 0,
    "failures": 0,
    "start": "2025-07-18T13:39:39.883Z",
    "end": "2025-07-18T13:39:47.256Z",
    "duration": 7373,
    "testsRegistered": 1,
    "passPercent": 100,
    "pendingPercent": 0,
    "other": 0,
    "hasOther": false,
    "skipped": 0,
    "hasSkipped": false
  },
  "results": [
    {
      "uuid": "a04713b1-2391-4f99-9a71-9c66d49a9989",
      "title": "",
      "fullFile": "cypress\\e2e\\ui\\adicionar_item_ao_carrinho.cy.js",
      "file": "cypress\\e2e\\ui\\adicionar_item_ao_carrinho.cy.js",
      "beforeHooks": [],
      "afterHooks": [],
      "tests": [],
      "suites": [
        {
          "uuid": "3401a77b-5d75-4730-9a17-f3dd8e2555b6",
          "title": "Carrinho EBAC - Page Object",
          "fullFile": "",
          "file": "",
          "beforeHooks": [],
          "afterHooks": [],
          "tests": [
            {
              "title": "Deve adicionar um produto ao carrinho com sucesso",
              "fullTitle": "Carrinho EBAC - Page Object Deve adicionar um produto ao carrinho com sucesso",
              "timedOut": null,
              "duration": 7330,
              "state": "passed",
              "speed": "medium",
              "pass": true,
              "fail": false,
              "pending": false,
              "context": null,
              "code": "_CarrinhoPage.default.acessarLoja();\n_CarrinhoPage.default.selecionarProduto('Ingrid Running Jacket'); // exemplo\n_CarrinhoPage.default.selecionarTamanho();\n_CarrinhoPage.default.selecionarCor();\n_CarrinhoPage.default.selecionarQtd();\n_CarrinhoPage.default.adicionarAoCarrinho();\n_CarrinhoPage.default.verCarrinho();\n_CarrinhoPage.default.validarMensagem();",
              "err": {},
              "uuid": "0d9747a2-87f2-4e22-9491-4ff6f2fd6c86",
              "parentUUID": "3401a77b-5d75-4730-9a17-f3dd8e2555b6",
              "isHook": false,
              "skipped": false
            }
          ],
          "suites": [],
          "passes": [
            "0d9747a2-87f2-4e22-9491-4ff6f2fd6c86"
          ],
          "failures": [],
          "pending": [],
          "skipped": [],
          "duration": 7330,
          "root": false,
          "rootEmpty": false,
          "_timeout": 2000
        }
      ],
      "passes": [],
      "failures": [],
      "pending": [],
      "skipped": [],
      "duration": 0,
      "root": true,
      "rootEmpty": true,
      "_timeout": 2000
    }
  ],
  "meta": {
    "mocha": {
      "version": "7.2.0"
    },
    "mochawesome": {
      "options": {
        "quiet": false,
        "reportFilename": "mochawesome",
        "saveHtml": true,
        "saveJson": true,
        "consoleReporter": "spec",
        "useInlineDiffs": false,
        "code": true
      },
      "version": "7.1.3"
    },
    "marge": {
      "options": {
        "reportDir": "mochawesome-report",
        "overwrite": false,
        "html": true,
        "json": true
      },
      "version": "6.2.0"
    }
  }
}